<?xml version="1.0" encoding="UTF-8"?>
<!-- Generated by org.testng.reporters.JUnitReportReporter -->
<testsuite hostname="DESKTOP-VV0NNBG" failures="0" tests="1" name="Sprint_7_Positive.e_Adding_Giftcard_In_FMS" time="70.891" errors="0" timestamp="2024-07-06T10:20:26 IST" skipped="0">
  <testcase classname="Sprint_7_Positive.e_Adding_Giftcard_In_FMS" name="a_addingGiftCardInFmsTest" time="70.891"/>
  <system-out/>
</testsuite> <!-- Sprint_7_Positive.e_Adding_Giftcard_In_FMS -->
