<?xml version="1.0" encoding="UTF-8"?>
<!-- Generated by org.testng.reporters.JUnitReportReporter -->
<testsuite hostname="Vicky" failures="0" tests="1" name="Sprint_6_Negative.d_NotificationAllActions" time="105.740" errors="0" timestamp="2024-05-28T16:31:46 IST" skipped="0">
  <testcase classname="Sprint_6_Negative.d_NotificationAllActions" name="notificationsTest" time="105.740"/>
  <system-out/>
</testsuite> <!-- Sprint_6_Negative.d_NotificationAllActions -->
