<?xml version="1.0" encoding="UTF-8"?>
<!-- Generated by org.testng.reporters.JUnitReportReporter -->
<testsuite hostname="Vicky" failures="0" tests="1" name="Sprint_6_Negative.b_UsersAllActions" time="33.631" errors="0" timestamp="2024-06-05T14:58:52 IST" skipped="0">
  <testcase classname="Sprint_6_Negative.b_UsersAllActions" name="userAllActionsTest" time="33.631"/>
  <system-out/>
</testsuite> <!-- Sprint_6_Negative.b_UsersAllActions -->
