<?xml version="1.0" encoding="UTF-8"?>
<!-- Generated by org.testng.reporters.JUnitReportReporter -->
<testsuite hostname="Vicky" failures="0" tests="1" name="Sprint_7_Positive.a_Adding_CategorySubCategoryProduct_In_Fms" time="409.944" errors="0" timestamp="2024-06-27T12:25:57 IST" skipped="0">
  <testcase classname="Sprint_7_Positive.a_Adding_CategorySubCategoryProduct_In_Fms" name="a_addingCategorySubCategoryAndProductInFmsTest" time="409.944"/>
  <system-out/>
</testsuite> <!-- Sprint_7_Positive.a_Adding_CategorySubCategoryProduct_In_Fms -->
