<?xml version="1.0" encoding="UTF-8"?>
<!-- Generated by org.testng.reporters.JUnitReportReporter -->
<testsuite hostname="Vicky" failures="0" tests="1" name="Sprint_7_Positive.a_Adding_CategorySubCategoryProduct_In_Fms" time="408.946" errors="0" timestamp="2024-06-20T16:11:58 IST" skipped="0">
  <testcase classname="Sprint_7_Positive.a_Adding_CategorySubCategoryProduct_In_Fms" name="a_addingCategorySubCategoryAndProductInFmsTest" time="408.946"/>
  <system-out/>
</testsuite> <!-- Sprint_7_Positive.a_Adding_CategorySubCategoryProduct_In_Fms -->
