<?xml version="1.0" encoding="UTF-8"?>
<!-- Generated by org.testng.reporters.JUnitReportReporter -->
<testsuite hostname="Vicky" failures="0" tests="1" name="Sprint_7_Positive.c_Deleting_CategorySubCategoryAndProduct_In_Fms" time="69.970" errors="0" timestamp="2024-06-20T16:23:27 IST" skipped="0">
  <testcase classname="Sprint_7_Positive.c_Deleting_CategorySubCategoryAndProduct_In_Fms" name="c_DeletingCategorySubCategoryProductInFmsTest" time="69.970"/>
  <system-out/>
</testsuite> <!-- Sprint_7_Positive.c_Deleting_CategorySubCategoryAndProduct_In_Fms -->
