<?xml version="1.0" encoding="UTF-8"?>
<!-- Generated by org.testng.reporters.JUnitReportReporter -->
<testsuite hostname="Vicky" failures="0" tests="1" name="Sprint_6_Negative.a_DashboardAllActions" time="49.282" errors="0" timestamp="2024-05-29T10:16:39 IST" skipped="0">
  <testcase classname="Sprint_6_Negative.a_DashboardAllActions" name="dashboardTransactionReportsTest" time="49.282"/>
  <system-out/>
</testsuite> <!-- Sprint_6_Negative.a_DashboardAllActions -->
