<?xml version="1.0" encoding="UTF-8"?>
<!-- Generated by org.testng.reporters.JUnitReportReporter -->
<testsuite hostname="Vicky" failures="0" tests="1" name="Sprint_6_Negative.f_TradingAllActions" time="58.606" errors="0" timestamp="2024-06-10T14:32:49 IST" skipped="0">
  <testcase classname="Sprint_6_Negative.f_TradingAllActions" name="TradingAllActionsTest" time="58.606"/>
  <system-out/>
</testsuite> <!-- Sprint_6_Negative.f_TradingAllActions -->
