<?xml version="1.0" encoding="UTF-8"?>
<!-- Generated by org.testng.reporters.JUnitReportReporter -->
<testsuite hostname="Vicky" failures="0" tests="1" name="Sprint_7_Positive.f_CheckingGiftCardInMatrika" time="27.129" errors="0" timestamp="2024-06-27T12:25:57 IST" skipped="0">
  <testcase classname="Sprint_7_Positive.f_CheckingGiftCardInMatrika" name="b_checkingGiftCardInMatrikaTest" time="27.129"/>
  <system-out/>
</testsuite> <!-- Sprint_7_Positive.f_CheckingGiftCardInMatrika -->
