<?xml version="1.0" encoding="UTF-8"?>
<!-- Generated by org.testng.reporters.JUnitReportReporter -->
<testsuite hostname="Vicky" failures="0" tests="1" name="Sprint_7_Positive.c_Deleting_CategorySubCategoryAndProduct_In_Fms" time="50.276" errors="0" timestamp="2024-06-14T17:55:15 IST" skipped="0">
  <testcase classname="Sprint_7_Positive.c_Deleting_CategorySubCategoryAndProduct_In_Fms" name="deletingCategorySubCategoryProductInFmsTest" time="50.276"/>
  <system-out/>
</testsuite> <!-- Sprint_7_Positive.c_Deleting_CategorySubCategoryAndProduct_In_Fms -->
