<?xml version="1.0" encoding="UTF-8"?>
<!-- Generated by org.testng.reporters.JUnitReportReporter -->
<testsuite hostname="Vicky" failures="0" tests="1" name="Sprint_7_Positive.d_MatrikaLoginAndCheckingProductDeleted" time="31.062" errors="0" timestamp="2024-06-29T11:44:34 IST" skipped="0">
  <testcase classname="Sprint_7_Positive.d_MatrikaLoginAndCheckingProductDeleted" name="b_loginToMatrikaAndCheckingProductDeletedOrNotTest" time="31.062"/>
  <system-out/>
</testsuite> <!-- Sprint_7_Positive.d_MatrikaLoginAndCheckingProductDeleted -->
