<?xml version="1.0" encoding="UTF-8"?>
<!-- Generated by org.testng.reporters.JUnitReportReporter -->
<testsuite hostname="Vicky" failures="0" tests="1" name="Sprint_7_Positive.d_MatrikaLoginAndCheckingProductDeleted" time="30.217" errors="0" timestamp="2024-06-15T11:09:10 IST" skipped="0">
  <testcase classname="Sprint_7_Positive.d_MatrikaLoginAndCheckingProductDeleted" name="b_loginAndProductDeletedRnotCheckingTest" time="30.217"/>
  <system-out/>
</testsuite> <!-- Sprint_7_Positive.d_MatrikaLoginAndCheckingProductDeleted -->
