<?xml version="1.0" encoding="UTF-8"?>
<!-- Generated by org.testng.reporters.JUnitReportReporter -->
<testsuite hostname="Vicky" failures="0" tests="2" name="Sprint_6_Negative.b_UsersAllActions" time="207.685" errors="0" timestamp="2024-06-10T14:32:49 IST" skipped="0">
  <testcase classname="Sprint_6_Negative.b_UsersAllActions" name="userAllActionsTest" time="156.489"/>
  <system-out/>
  <testcase classname="Sprint_6_Negative.b_UsersAllActions" name="userKyc" time="51.196"/>
  <system-out/>
</testsuite> <!-- Sprint_6_Negative.b_UsersAllActions -->
